==============================
v0.0.1--normality version

$ valgrind ./a.out -v
==7022== Memcheck, a memory error detector
==7022== Copyright (C) 2002-2011, and GNU GPL'd, by Julian Seward et al.
==7022== Using Valgrind-3.7.0 and LibVEX; rerun with -h for copyright info
==7022== Command: ./a.out -v
==7022== 
v0.0.1
a[0]:0
==7022== 
==7022== HEAP SUMMARY:
==7022==     in use at exit: 0 bytes in 0 blocks
==7022==   total heap usage: 0 allocs, 0 frees, 0 bytes allocated
==7022== 
==7022== All heap blocks were freed -- no leaks are possible
==7022== 
==7022== For counts of detected and suppressed errors, rerun with: -v
==7022== ERROR SUMMARY: 0 errors from 0 contexts (suppressed: 0 from 0)

==============================
v0.0.1-1
对于栈的访问越界，valgrind
检查不出来，在代码中加入对数字访问越界的访问，可见效果如下，没有什么特别之处。
$ valgrind ./a.out -v
==7261== Memcheck, a memory error detector
==7261== Copyright (C) 2002-2011, and GNU GPL'd, by Julian Seward et al.
==7261== Using Valgrind-3.7.0 and LibVEX; rerun with -h for copyright info
==7261== Command: ./a.out -v
==7261== 
v0.0.1-1
a[0]:0
a[10]:0
==7261== 
==7261== HEAP SUMMARY:
==7261==     in use at exit: 0 bytes in 0 blocks
==7261==   total heap usage: 0 allocs, 0 frees, 0 bytes allocated
==7261== 
==7261== All heap blocks were freed -- no leaks are possible
==7261== 
==7261== For counts of detected and suppressed errors, rerun with: -v
==7261== ERROR SUMMARY: 0 errors from 0 contexts (suppressed: 0 from 0)

==============================
==============================
