==21880== Cachegrind, a cache and branch-prediction profiler
==21880== Copyright (C) 2002-2009, and GNU GPL'd, by Nicholas Nethercote et al.
==21880== Using Valgrind-3.5.0 and LibVEX; rerun with -h for copyright info
==21880== Command: ./a.out
==21880== Parent PID: 20803
==21880== 
==21880== 
==21880== I   refs:      110,947
==21880== I1  misses:        641
==21880== L2i misses:        639
==21880== I1  miss rate:    0.57%
==21880== L2i miss rate:    0.57%
==21880== 
==21880== D   refs:       44,979  (31,742 rd   + 13,237 wr)
==21880== D1  misses:      1,638  ( 1,180 rd   +    458 wr)
==21880== L2d misses:      1,458  ( 1,031 rd   +    427 wr)
==21880== D1  miss rate:     3.6% (   3.7%     +    3.4%  )
==21880== L2d miss rate:     3.2% (   3.2%     +    3.2%  )
==21880== 
==21880== L2 refs:         2,279  ( 1,821 rd   +    458 wr)
==21880== L2 misses:       2,097  ( 1,670 rd   +    427 wr)
==21880== L2 miss rate:      1.3% (   1.1%     +    3.2%  )
